0 4 0
0 4 2
0 5 1
0 6 2
0 7 8
0 7 19
0 8 0
0 8 2
0 8 7
0 8 9
0 9 1
0 9 6
0 9 10
0 9 19
0 10 0
0 10 2
0 10 9
0 10 11
0 11 8
0 11 10
0 13 6
0 14 7
0 14 9
0 18 14
0 18 16
1 6 8
1 7 7
1 7 9
1 8 6
1 8 10
1 9 11
1 10 12
1 11 9
1 11 13
1 12 12
1 13 9
1 13 11
1 13 13
1 14 6
1 14 8
1 14 12
1 15 9
1 15 13
1 16 10
1 16 12
1 17 11
1 19 14
1 19 16
2 1 7
2 6 7
2 6 9
2 6 14
2 6 16
2 7 10
2 9 6
2 10 9
2 10 13
2 11 8
2 12 4
2 13 6
2 13 10
2 13 12
2 14 7
2 14 9
2 15 8
2 16 9
2 16 18
2 17 7
2 17 10
2 17 12
2 19 19
3 0 14
3 1 6
3 6 8
3 6 10
3 7 7
3 9 11
3 10 6
3 10 8
3 10 14
3 11 11
3 11 13
3 12 6
3 12 8
3 12 14
3 13 4
3 13 7
3 13 9
3 13 11
3 14 8
3 15 13
3 16 19
3 17 6
3 17 9
3 19 18
4 6 9
4 6 14
4 6 16
4 7 8
4 7 10
4 9 10
4 10 9
4 11 6
4 11 8
4 11 10
4 11 12
4 11 14
4 12 7
4 12 11
4 13 10
4 13 12
4 13 14
4 14 9
4 14 13
4 15 12
4 16 9
4 16 17
4 17 0
4 17 10
4 17 12
4 18 7
4 19 0
4 19 8
4 19 14
4 19 18
5 1 5
5 3 5
5 7 9
5 8 10
5 9 9
5 9 11
5 10 8
5 10 14
5 11 9
5 12 5
5 12 8
5 12 14
5 13 9
5 13 13
5 14 8
5 14 12
5 15 9
5 15 11
5 16 0
5 19 17
6 0 5
6 4 17
6 8 7
6 8 9
6 9 10
6 10 13
6 11 14
6 12 7
6 12 13
6 13 5
6 13 12
6 14 9
6 15 8
6 15 10
6 16 9
6 16 13
6 19 0
7 1 5
7 3 5
7 4 16
7 8 8
7 9 0
7 9 7
7 9 9
7 10 12
7 11 7
7 11 13
7 12 0
7 12 10
7 12 12
7 14 3
7 15 9
7 15 11
7 16 0
7 16 10
7 16 15
7 16 18
7 17 9
7 17 13
7 17 17
7 18 0
7 19 17
7 19 19
8 0 12
8 3 15
8 4 14
8 4 16
8 5 13
8 6 12
8 7 2
8 7 13
8 7 15
8 8 15
8 9 1
8 9 8
8 10 7
8 10 9
8 10 11
8 11 0
8 11 8
8 11 10
8 12 6
8 12 9
8 13 0
8 13 7
8 14 2
8 14 6
8 14 8
8 15 7
8 15 10
8 15 15
8 16 7
8 16 9
8 16 11
8 17 8
8 17 10
9 0 13
9 0 18
9 1 17
9 3 14
9 3 16
9 4 13
9 5 12
9 5 16
9 7 12
9 7 15
9 8 2
9 9 0
9 9 15
9 11 6
9 12 7
9 13 8
9 14 3
9 14 9
9 15 6
9 15 8
9 16 7
10 3 15
10 4 12
10 4 14
10 5 4
10 6 12
10 6 16
10 7 15
10 10 5
10 11 7
10 13 7
10 13 9
10 13 14
10 13 16
10 14 10
10 15 6
10 15 9
10 15 14
10 15 18
10 16 6
10 16 8
10 16 15
10 16 17
10 17 7
10 18 7
11 3 12
11 3 16
11 4 15
11 6 4
11 6 13
11 7 12
11 7 14
11 7 15
11 7 16
11 9 15
11 10 6
11 11 6
11 11 8
11 11 10
11 12 7
11 13 8
11 13 10
11 13 17
11 14 7
11 14 18
11 15 5
11 15 9
11 15 10
11 16 14
11 16 16
11 16 18
11 17 6
11 17 8
11 17 10
11 18 8
12 0 1
12 0 5
12 0 12
12 0 16
12 1 15
12 1 17
12 2 7
12 2 14
12 3 13
12 3 17
12 4 7
12 4 14
12 4 16
12 5 13
12 5 15
12 5 17
12 6 12
12 6 14
12 7 13
12 8 0
12 11 7
12 12 6
12 12 8
12 13 4
12 13 7
12 13 9
12 13 18
12 14 3
12 14 8
12 14 9
12 14 10
12 15 7
12 15 9
12 16 8
12 16 17
12 17 7
12 17 9
12 17 15
12 18 1
12 18 3
12 18 5
12 18 12
12 18 16
12 19 2
12 19 4
12 19 13
12 19 15
12 19 17
13 0 2
13 0 4
13 0 17
13 2 8
13 2 17
13 3 12
13 3 13
13 3 14
13 4 3
13 4 8
13 4 13
13 4 14
13 4 17
13 5 12
13 5 14
13 6 13
13 6 17
13 7 0
13 7 12
13 7 16
13 7 19
13 8 0
13 10 17
13 10 19
13 11 8
13 11 10
13 12 7
13 13 8
13 13 10
13 15 8
13 15 10
13 16 7
13 16 9
13 16 14
13 16 15
13 16 16
13 16 17
13 16 18
13 17 6
13 17 10
13 17 14
13 17 16
13 18 13
13 18 15
13 18 17
13 19 3
13 19 14
13 19 16
14 0 1
14 0 3
14 0 5
14 0 6
14 0 12
14 1 15
14 1 17
14 2 12
14 3 17
14 4 4
14 4 12
14 4 14
14 4 16
14 5 15
14 5 17
14 10 18
14 11 7
14 11 9
14 12 6
14 12 8
14 12 10
14 13 9
14 13 14
14 13 18
14 14 10
14 15 9
14 15 14
14 15 18
14 16 6
14 16 8
14 16 14
14 16 15
14 16 16
14 16 17
14 17 7
14 17 9
14 17 17
14 18 1
14 18 5
14 18 6
14 18 12
14 18 14
14 18 16
14 18 17
14 19 5
14 19 17
14 19 18
15 0 13
15 0 17
15 1 16
15 2 15
15 2 17
15 4 13
15 4 17
15 5 12
15 5 14
15 5 16
15 6 14
15 6 16
15 8 14
15 8 16
15 15 6
15 16 15
15 17 14
15 17 16
15 18 15
15 18 17
15 19 12
15 19 14
15 19 16
16 0 14
16 1 13
16 1 17
16 2 4
16 2 12
16 2 16
16 3 17
16 4 12
16 4 14
16 5 1
16 5 13
16 5 17
16 6 0
16 6 2
16 6 15
16 7 3
16 7 14
16 7 16
16 7 19
16 8 2
16 8 15
16 9 1
16 9 3
16 9 19
16 10 0
16 10 2
16 13 17
16 15 5
16 15 12
16 15 17
16 16 13
16 17 15
16 18 12
16 18 14
16 18 16
16 19 15
16 19 17
17 0 17
17 1 4
17 1 12
17 1 14
17 2 0
17 2 13
17 2 15
17 2 17
17 2 18
17 3 12
17 3 14
17 3 15
17 3 19
17 4 1
17 4 17
17 4 19
17 5 2
17 5 16
17 6 3
17 10 1
17 10 3
17 10 8
17 10 19
17 11 9
17 12 8
17 13 7
17 15 6
17 15 10
17 15 13
17 16 12
17 18 13
17 18 15
17 19 12
17 19 16
18 0 12
18 0 16
18 2 12
18 3 13
18 3 14
18 3 17
18 4 2
18 4 14
18 4 18
18 6 0
18 7 1
18 7 3
18 7 19
18 8 0
18 9 1
18 9 3
18 9 8
18 10 2
18 10 6
18 10 7
18 10 9
18 12 9
18 13 8
18 13 17
18 15 9
18 15 17
18 18 0
18 18 12
18 18 14
18 19 13
18 19 15
19 4 19
19 5 0
19 6 1
19 6 19
19 7 0
19 7 2
19 8 1
19 8 8
19 8 19
19 9 7
19 9 9
19 10 1
19 10 3
19 10 6
19 10 7
19 10 10
19 11 9
19 13 9
19 14 8
19 17 0
19 19 14
0.002581
0 4 0
0 4 2
0 5 1
0 6 2
0 7 8
0 7 19
0 8 0
0 8 2
0 8 7
0 8 9
0 9 1
0 9 6
0 9 10
0 9 19
0 10 0
0 10 2
0 10 9
0 10 11
0 11 8
0 11 10
0 13 6
0 14 7
0 14 9
0 18 14
0 18 16
1 6 8
1 7 7
1 7 9
1 8 6
1 8 10
1 9 11
1 10 12
1 11 9
1 11 13
1 12 12
1 13 9
1 13 11
1 13 13
1 14 6
1 14 8
1 14 12
1 15 9
1 15 13
1 16 10
1 16 12
1 17 11
1 19 14
1 19 16
2 1 7
2 6 7
2 6 9
2 6 14
2 6 16
2 7 10
2 9 6
2 10 9
2 10 13
2 11 8
2 12 4
2 13 6
2 13 10
2 13 12
2 14 7
2 14 9
2 15 8
2 16 9
2 16 18
2 17 7
2 17 10
2 17 12
2 19 19
3 0 14
3 1 6
3 6 8
3 6 10
3 7 7
3 9 11
3 10 6
3 10 8
3 10 14
3 11 11
3 11 13
3 12 6
3 12 8
3 12 14
3 13 4
3 13 7
3 13 9
3 13 11
3 14 8
3 15 13
3 16 19
3 17 6
3 17 9
3 19 18
4 6 9
4 6 14
4 6 16
4 7 8
4 7 10
4 9 10
4 10 9
4 11 6
4 11 8
4 11 10
4 11 12
4 11 14
4 12 7
4 12 11
4 13 10
4 13 12
4 13 14
4 14 9
4 14 13
4 15 12
4 16 9
4 16 17
4 17 0
4 17 10
4 17 12
4 18 7
4 19 0
4 19 8
4 19 14
4 19 18
5 1 5
5 3 5
5 7 9
5 8 10
5 9 9
5 9 11
5 10 8
5 10 14
5 11 9
5 12 5
5 12 8
5 12 14
5 13 9
5 13 13
5 14 8
5 14 12
5 15 9
5 15 11
5 16 0
5 19 17
6 0 5
6 4 17
6 8 7
6 8 9
6 9 10
6 10 13
6 11 14
6 12 7
6 12 13
6 13 5
6 13 12
6 14 9
6 15 8
6 15 10
6 16 9
6 16 13
6 19 0
7 1 5
7 3 5
7 4 16
7 8 8
7 9 0
7 9 7
7 9 9
7 10 12
7 11 7
7 11 13
7 12 0
7 12 10
7 12 12
7 14 3
7 15 9
7 15 11
7 16 0
7 16 10
7 16 15
7 16 18
7 17 9
7 17 13
7 17 17
7 18 0
7 19 17
7 19 19
8 0 12
8 3 15
8 4 14
8 4 16
8 5 13
8 6 12
8 7 2
8 7 13
8 7 15
8 8 15
8 9 1
8 9 8
8 10 7
8 10 9
8 10 11
8 11 0
8 11 8
8 11 10
8 12 6
8 12 9
8 13 0
8 13 7
8 14 2
8 14 6
8 14 8
8 15 7
8 15 10
8 15 15
8 16 7
8 16 9
8 16 11
8 17 8
8 17 10
9 0 13
9 0 18
9 1 17
9 3 14
9 3 16
9 4 13
9 5 12
9 5 16
9 7 12
9 7 15
9 8 2
9 9 0
9 9 15
9 11 6
9 12 7
9 13 8
9 14 3
9 14 9
9 15 6
9 15 8
9 16 7
10 3 15
10 4 12
10 4 14
10 5 4
10 6 12
10 6 16
10 7 15
10 10 5
10 11 7
10 13 7
10 13 9
10 13 14
10 13 16
10 14 10
10 15 6
10 15 9
10 15 14
10 15 18
10 16 6
10 16 8
10 16 15
10 16 17
10 17 7
10 18 7
11 3 12
11 3 16
11 4 15
11 6 4
11 6 13
11 7 12
11 7 14
11 7 15
11 7 16
11 9 15
11 10 6
11 11 6
11 11 8
11 11 10
11 12 7
11 13 8
11 13 10
11 13 17
11 14 7
11 14 18
11 15 5
11 15 9
11 15 10
11 16 14
11 16 16
11 16 18
11 17 6
11 17 8
11 17 10
11 18 8
12 0 1
12 0 5
12 0 12
12 0 16
12 1 15
12 1 17
12 2 7
12 2 14
12 3 13
12 3 17
12 4 7
12 4 14
12 4 16
12 5 13
12 5 15
12 5 17
12 6 12
12 6 14
12 7 13
12 8 0
12 11 7
12 12 6
12 12 8
12 13 4
12 13 7
12 13 9
12 13 18
12 14 3
12 14 8
12 14 9
12 14 10
12 15 7
12 15 9
12 16 8
12 16 17
12 17 7
12 17 9
12 17 15
12 18 1
12 18 3
12 18 5
12 18 12
12 18 16
12 19 2
12 19 4
12 19 13
12 19 15
12 19 17
13 0 2
13 0 4
13 0 17
13 2 8
13 2 17
13 3 12
13 3 13
13 3 14
13 4 3
13 4 8
13 4 13
13 4 14
13 4 17
13 5 12
13 5 14
13 6 13
13 6 17
13 7 0
13 7 12
13 7 16
13 7 19
13 8 0
13 10 17
13 10 19
13 11 8
13 11 10
13 12 7
13 13 8
13 13 10
13 15 8
13 15 10
13 16 7
13 16 9
13 16 14
13 16 15
13 16 16
13 16 17
13 16 18
13 17 6
13 17 10
13 17 14
13 17 16
13 18 13
13 18 15
13 18 17
13 19 3
13 19 14
13 19 16
14 0 1
14 0 3
14 0 5
14 0 6
14 0 12
14 1 15
14 1 17
14 2 12
14 3 17
14 4 4
14 4 12
14 4 14
14 4 16
14 5 15
14 5 17
14 10 18
14 11 7
14 11 9
14 12 6
14 12 8
14 12 10
14 13 9
14 13 14
14 13 18
14 14 10
14 15 9
14 15 14
14 15 18
14 16 6
14 16 8
14 16 14
14 16 15
14 16 16
14 16 17
14 17 7
14 17 9
14 17 17
14 18 1
14 18 5
14 18 6
14 18 12
14 18 14
14 18 16
14 18 17
14 19 5
14 19 17
14 19 18
15 0 13
15 0 17
15 1 16
15 2 15
15 2 17
15 4 13
15 4 17
15 5 12
15 5 14
15 5 16
15 6 14
15 6 16
15 8 14
15 8 16
15 15 6
15 16 15
15 17 14
15 17 16
15 18 15
15 18 17
15 19 12
15 19 14
15 19 16
16 0 14
16 1 13
16 1 17
16 2 4
16 2 12
16 2 16
16 3 17
16 4 12
16 4 14
16 5 1
16 5 13
16 5 17
16 6 0
16 6 2
16 6 15
16 7 3
16 7 14
16 7 16
16 7 19
16 8 2
16 8 15
16 9 1
16 9 3
16 9 19
16 10 0
16 10 2
16 13 17
16 15 5
16 15 12
16 15 17
16 16 13
16 17 15
16 18 12
16 18 14
16 18 16
16 19 15
16 19 17
17 0 17
17 1 4
17 1 12
17 1 14
17 2 0
17 2 13
17 2 15
17 2 17
17 2 18
17 3 12
17 3 14
17 3 15
17 3 19
17 4 1
17 4 17
17 4 19
17 5 2
17 5 16
17 6 3
17 10 1
17 10 3
17 10 8
17 10 19
17 11 9
17 12 8
17 13 7
17 15 6
17 15 10
17 15 13
17 16 12
17 18 13
17 18 15
17 19 12
17 19 16
18 0 12
18 0 16
18 2 12
18 3 13
18 3 14
18 3 17
18 4 2
18 4 14
18 4 18
18 6 0
18 7 1
18 7 3
18 7 19
18 8 0
18 9 1
18 9 3
18 9 8
18 10 2
18 10 6
18 10 7
18 10 9
18 12 9
18 13 8
18 13 17
18 15 9
18 15 17
18 18 0
18 18 12
18 18 14
18 19 13
18 19 15
19 4 19
19 5 0
19 6 1
19 6 19
19 7 0
19 7 2
19 8 1
19 8 8
19 8 19
19 9 7
19 9 9
19 10 1
19 10 3
19 10 6
19 10 7
19 10 10
19 11 9
19 13 9
19 14 8
19 17 0
19 19 14
0.003132
0 4 0
0 4 2
0 5 1
0 6 2
0 7 8
0 7 19
0 8 0
0 8 2
0 8 7
0 8 9
0 9 1
0 9 6
0 9 10
0 9 19
0 10 0
0 10 2
0 10 9
0 10 11
0 11 8
0 11 10
0 13 6
0 14 7
0 14 9
0 18 14
0 18 16
1 6 8
1 7 7
1 7 9
1 8 6
1 8 10
1 9 11
1 10 12
1 11 9
1 11 13
1 12 12
1 13 9
1 13 11
1 13 13
1 14 6
1 14 8
1 14 12
1 15 9
1 15 13
1 16 10
1 16 12
1 17 11
1 19 14
1 19 16
2 1 7
2 6 7
2 6 9
2 6 14
2 6 16
2 7 10
2 9 6
2 10 9
2 10 13
2 11 8
2 12 4
2 13 6
2 13 10
2 13 12
2 14 7
2 14 9
2 15 8
2 16 9
2 16 18
2 17 7
2 17 10
2 17 12
2 19 19
3 0 14
3 1 6
3 6 8
3 6 10
3 7 7
3 9 11
3 10 6
3 10 8
3 10 14
3 11 11
3 11 13
3 12 6
3 12 8
3 12 14
3 13 4
3 13 7
3 13 9
3 13 11
3 14 8
3 15 13
3 16 19
3 17 6
3 17 9
3 19 18
4 6 9
4 6 14
4 6 16
4 7 8
4 7 10
4 9 10
4 10 9
4 11 6
4 11 8
4 11 10
4 11 12
4 11 14
4 12 7
4 12 11
4 13 10
4 13 12
4 13 14
4 14 9
4 14 13
4 15 12
4 16 9
4 16 17
4 17 0
4 17 10
4 17 12
4 18 7
4 19 0
4 19 8
4 19 14
4 19 18
5 1 5
5 3 5
5 7 9
5 8 10
5 9 9
5 9 11
5 10 8
5 10 14
5 11 9
5 12 5
5 12 8
5 12 14
5 13 9
5 13 13
5 14 8
5 14 12
5 15 9
5 15 11
5 16 0
5 19 17
6 0 5
6 4 17
6 8 7
6 8 9
6 9 10
6 10 13
6 11 14
6 12 7
6 12 13
6 13 5
6 13 12
6 14 9
6 15 8
6 15 10
6 16 9
6 16 13
6 19 0
7 1 5
7 3 5
7 4 16
7 8 8
7 9 0
7 9 7
7 9 9
7 10 12
7 11 7
7 11 13
7 12 0
7 12 10
7 12 12
7 14 3
7 15 9
7 15 11
7 16 0
7 16 10
7 16 15
7 16 18
7 17 9
7 17 13
7 17 17
7 18 0
7 19 17
7 19 19
8 0 12
8 3 15
8 4 14
8 4 16
8 5 13
8 6 12
8 7 2
8 7 13
8 7 15
8 8 15
8 9 1
8 9 8
8 10 7
8 10 9
8 10 11
8 11 0
8 11 8
8 11 10
8 12 6
8 12 9
8 13 0
8 13 7
8 14 2
8 14 6
8 14 8
8 15 7
8 15 10
8 15 15
8 16 7
8 16 9
8 16 11
8 17 8
8 17 10
9 0 13
9 0 18
9 1 17
9 3 14
9 3 16
9 4 13
9 5 12
9 5 16
9 7 12
9 7 15
9 8 2
9 9 0
9 9 15
9 11 6
9 12 7
9 13 8
9 14 3
9 14 9
9 15 6
9 15 8
9 16 7
10 3 15
10 4 12
10 4 14
10 5 4
10 6 12
10 6 16
10 7 15
10 10 5
10 11 7
10 13 7
10 13 9
10 13 14
10 13 16
10 14 10
10 15 6
10 15 9
10 15 14
10 15 18
10 16 6
10 16 8
10 16 15
10 16 17
10 17 7
10 18 7
11 3 12
11 3 16
11 4 15
11 6 4
11 6 13
11 7 12
11 7 14
11 7 15
11 7 16
11 9 15
11 10 6
11 11 6
11 11 8
11 11 10
11 12 7
11 13 8
11 13 10
11 13 17
11 14 7
11 14 18
11 15 5
11 15 9
11 15 10
11 16 14
11 16 16
11 16 18
11 17 6
11 17 8
11 17 10
11 18 8
12 0 1
12 0 5
12 0 12
12 0 16
12 1 15
12 1 17
12 2 7
12 2 14
12 3 13
12 3 17
12 4 7
12 4 14
12 4 16
12 5 13
12 5 15
12 5 17
12 6 12
12 6 14
12 7 13
12 8 0
12 11 7
12 12 6
12 12 8
12 13 4
12 13 7
12 13 9
12 13 18
12 14 3
12 14 8
12 14 9
12 14 10
12 15 7
12 15 9
12 16 8
12 16 17
12 17 7
12 17 9
12 17 15
12 18 1
12 18 3
12 18 5
12 18 12
12 18 16
12 19 2
12 19 4
12 19 13
12 19 15
12 19 17
13 0 2
13 0 4
13 0 17
13 2 8
13 2 17
13 3 12
13 3 13
13 3 14
13 4 3
13 4 8
13 4 13
13 4 14
13 4 17
13 5 12
13 5 14
13 6 13
13 6 17
13 7 0
13 7 12
13 7 16
13 7 19
13 8 0
13 10 17
13 10 19
13 11 8
13 11 10
13 12 7
13 13 8
13 13 10
13 15 8
13 15 10
13 16 7
13 16 9
13 16 14
13 16 15
13 16 16
13 16 17
13 16 18
13 17 6
13 17 10
13 17 14
13 17 16
13 18 13
13 18 15
13 18 17
13 19 3
13 19 14
13 19 16
14 0 1
14 0 3
14 0 5
14 0 6
14 0 12
14 1 15
14 1 17
14 2 12
14 3 17
14 4 4
14 4 12
14 4 14
14 4 16
14 5 15
14 5 17
14 10 18
14 11 7
14 11 9
14 12 6
14 12 8
14 12 10
14 13 9
14 13 14
14 13 18
14 14 10
14 15 9
14 15 14
14 15 18
14 16 6
14 16 8
14 16 14
14 16 15
14 16 16
14 16 17
14 17 7
14 17 9
14 17 17
14 18 1
14 18 5
14 18 6
14 18 12
14 18 14
14 18 16
14 18 17
14 19 5
14 19 17
14 19 18
15 0 13
15 0 17
15 1 16
15 2 15
15 2 17
15 4 13
15 4 17
15 5 12
15 5 14
15 5 16
15 6 14
15 6 16
15 8 14
15 8 16
15 15 6
15 16 15
15 17 14
15 17 16
15 18 15
15 18 17
15 19 12
15 19 14
15 19 16
16 0 14
16 1 13
16 1 17
16 2 4
16 2 12
16 2 16
16 3 17
16 4 12
16 4 14
16 5 1
16 5 13
16 5 17
16 6 0
16 6 2
16 6 15
16 7 3
16 7 14
16 7 16
16 7 19
16 8 2
16 8 15
16 9 1
16 9 3
16 9 19
16 10 0
16 10 2
16 13 17
16 15 5
16 15 12
16 15 17
16 16 13
16 17 15
16 18 12
16 18 14
16 18 16
16 19 15
16 19 17
17 0 17
17 1 4
17 1 12
17 1 14
17 2 0
17 2 13
17 2 15
17 2 17
17 2 18
17 3 12
17 3 14
17 3 15
17 3 19
17 4 1
17 4 17
17 4 19
17 5 2
17 5 16
17 6 3
17 10 1
17 10 3
17 10 8
17 10 19
17 11 9
17 12 8
17 13 7
17 15 6
17 15 10
17 15 13
17 16 12
17 18 13
17 18 15
17 19 12
17 19 16
18 0 12
18 0 16
18 2 12
18 3 13
18 3 14
18 3 17
18 4 2
18 4 14
18 4 18
18 6 0
18 7 1
18 7 3
18 7 19
18 8 0
18 9 1
18 9 3
18 9 8
18 10 2
18 10 6
18 10 7
18 10 9
18 12 9
18 13 8
18 13 17
18 15 9
18 15 17
18 18 0
18 18 12
18 18 14
18 19 13
18 19 15
19 4 19
19 5 0
19 6 1
19 6 19
19 7 0
19 7 2
19 8 1
19 8 8
19 8 19
19 9 7
19 9 9
19 10 1
19 10 3
19 10 6
19 10 7
19 10 10
19 11 9
19 13 9
19 14 8
19 17 0
19 19 14
0.002695
0 4 0
0 4 2
0 5 1
0 6 2
0 7 8
0 7 19
0 8 0
0 8 2
0 8 7
0 8 9
0 9 1
0 9 6
0 9 10
0 9 19
0 10 0
0 10 2
0 10 9
0 10 11
0 11 8
0 11 10
0 13 6
0 14 7
0 14 9
0 18 14
0 18 16
1 6 8
1 7 7
1 7 9
1 8 6
1 8 10
1 9 11
1 10 12
1 11 9
1 11 13
1 12 12
1 13 9
1 13 11
1 13 13
1 14 6
1 14 8
1 14 12
1 15 9
1 15 13
1 16 10
1 16 12
1 17 11
1 19 14
1 19 16
2 1 7
2 6 7
2 6 9
2 6 14
2 6 16
2 7 10
2 9 6
2 10 9
2 10 13
2 11 8
2 12 4
2 13 6
2 13 10
2 13 12
2 14 7
2 14 9
2 15 8
2 16 9
2 16 18
2 17 7
2 17 10
2 17 12
2 19 19
3 0 14
3 1 6
3 6 8
3 6 10
3 7 7
3 9 11
3 10 6
3 10 8
3 10 14
3 11 11
3 11 13
3 12 6
3 12 8
3 12 14
3 13 4
3 13 7
3 13 9
3 13 11
3 14 8
3 15 13
3 16 19
3 17 6
3 17 9
3 19 18
4 6 9
4 6 14
4 6 16
4 7 8
4 7 10
4 9 10
4 10 9
4 11 6
4 11 8
4 11 10
4 11 12
4 11 14
4 12 7
4 12 11
4 13 10
4 13 12
4 13 14
4 14 9
4 14 13
4 15 12
4 16 9
4 16 17
4 17 0
4 17 10
4 17 12
4 18 7
4 19 0
4 19 8
4 19 14
4 19 18
5 1 5
5 3 5
5 7 9
5 8 10
5 9 9
5 9 11
5 10 8
5 10 14
5 11 9
5 12 5
5 12 8
5 12 14
5 13 9
5 13 13
5 14 8
5 14 12
5 15 9
5 15 11
5 16 0
5 19 17
6 0 5
6 4 17
6 8 7
6 8 9
6 9 10
6 10 13
6 11 14
6 12 7
6 12 13
6 13 5
6 13 12
6 14 9
6 15 8
6 15 10
6 16 9
6 16 13
6 19 0
7 1 5
7 3 5
7 4 16
7 8 8
7 9 0
7 9 7
7 9 9
7 10 12
7 11 7
7 11 13
7 12 0
7 12 10
7 12 12
7 14 3
7 15 9
7 15 11
7 16 0
7 16 10
7 16 15
7 16 18
7 17 9
7 17 13
7 17 17
7 18 0
7 19 17
7 19 19
8 0 12
8 3 15
8 4 14
8 4 16
8 5 13
8 6 12
8 7 2
8 7 13
8 7 15
8 8 15
8 9 1
8 9 8
8 10 7
8 10 9
8 10 11
8 11 0
8 11 8
8 11 10
8 12 6
8 12 9
8 13 0
8 13 7
8 14 2
8 14 6
8 14 8
8 15 7
8 15 10
8 15 15
8 16 7
8 16 9
8 16 11
8 17 8
8 17 10
9 0 13
9 0 18
9 1 17
9 3 14
9 3 16
9 4 13
9 5 12
9 5 16
9 7 12
9 7 15
9 8 2
9 9 0
9 9 15
9 11 6
9 12 7
9 13 8
9 14 3
9 14 9
9 15 6
9 15 8
9 16 7
10 3 15
10 4 12
10 4 14
10 5 4
10 6 12
10 6 16
10 7 15
10 10 5
10 11 7
10 13 7
10 13 9
10 13 14
10 13 16
10 14 10
10 15 6
10 15 9
10 15 14
10 15 18
10 16 6
10 16 8
10 16 15
10 16 17
10 17 7
10 18 7
11 3 12
11 3 16
11 4 15
11 6 4
11 6 13
11 7 12
11 7 14
11 7 15
11 7 16
11 9 15
11 10 6
11 11 6
11 11 8
11 11 10
11 12 7
11 13 8
11 13 10
11 13 17
11 14 7
11 14 18
11 15 5
11 15 9
11 15 10
11 16 14
11 16 16
11 16 18
11 17 6
11 17 8
11 17 10
11 18 8
12 0 1
12 0 5
12 0 12
12 0 16
12 1 15
12 1 17
12 2 7
12 2 14
12 3 13
12 3 17
12 4 7
12 4 14
12 4 16
12 5 13
12 5 15
12 5 17
12 6 12
12 6 14
12 7 13
12 8 0
12 11 7
12 12 6
12 12 8
12 13 4
12 13 7
12 13 9
12 13 18
12 14 3
12 14 8
12 14 9
12 14 10
12 15 7
12 15 9
12 16 8
12 16 17
12 17 7
12 17 9
12 17 15
12 18 1
12 18 3
12 18 5
12 18 12
12 18 16
12 19 2
12 19 4
12 19 13
12 19 15
12 19 17
13 0 2
13 0 4
13 0 17
13 2 8
13 2 17
13 3 12
13 3 13
13 3 14
13 4 3
13 4 8
13 4 13
13 4 14
13 4 17
13 5 12
13 5 14
13 6 13
13 6 17
13 7 0
13 7 12
13 7 16
13 7 19
13 8 0
13 10 17
13 10 19
13 11 8
13 11 10
13 12 7
13 13 8
13 13 10
13 15 8
13 15 10
13 16 7
13 16 9
13 16 14
13 16 15
13 16 16
13 16 17
13 16 18
13 17 6
13 17 10
13 17 14
13 17 16
13 18 13
13 18 15
13 18 17
13 19 3
13 19 14
13 19 16
14 0 1
14 0 3
14 0 5
14 0 6
14 0 12
14 1 15
14 1 17
14 2 12
14 3 17
14 4 4
14 4 12
14 4 14
14 4 16
14 5 15
14 5 17
14 10 18
14 11 7
14 11 9
14 12 6
14 12 8
14 12 10
14 13 9
14 13 14
14 13 18
14 14 10
14 15 9
14 15 14
14 15 18
14 16 6
14 16 8
14 16 14
14 16 15
14 16 16
14 16 17
14 17 7
14 17 9
14 17 17
14 18 1
14 18 5
14 18 6
14 18 12
14 18 14
14 18 16
14 18 17
14 19 5
14 19 17
14 19 18
15 0 13
15 0 17
15 1 16
15 2 15
15 2 17
15 4 13
15 4 17
15 5 12
15 5 14
15 5 16
15 6 14
15 6 16
15 8 14
15 8 16
15 15 6
15 16 15
15 17 14
15 17 16
15 18 15
15 18 17
15 19 12
15 19 14
15 19 16
16 0 14
16 1 13
16 1 17
16 2 4
16 2 12
16 2 16
16 3 17
16 4 12
16 4 14
16 5 1
16 5 13
16 5 17
16 6 0
16 6 2
16 6 15
16 7 3
16 7 14
16 7 16
16 7 19
16 8 2
16 8 15
16 9 1
16 9 3
16 9 19
16 10 0
16 10 2
16 13 17
16 15 5
16 15 12
16 15 17
16 16 13
16 17 15
16 18 12
16 18 14
16 18 16
16 19 15
16 19 17
17 0 17
17 1 4
17 1 12
17 1 14
17 2 0
17 2 13
17 2 15
17 2 17
17 2 18
17 3 12
17 3 14
17 3 15
17 3 19
17 4 1
17 4 17
17 4 19
17 5 2
17 5 16
17 6 3
17 10 1
17 10 3
17 10 8
17 10 19
17 11 9
17 12 8
17 13 7
17 15 6
17 15 10
17 15 13
17 16 12
17 18 13
17 18 15
17 19 12
17 19 16
18 0 12
18 0 16
18 2 12
18 3 13
18 3 14
18 3 17
18 4 2
18 4 14
18 4 18
18 6 0
18 7 1
18 7 3
18 7 19
18 8 0
18 9 1
18 9 3
18 9 8
18 10 2
18 10 6
18 10 7
18 10 9
18 12 9
18 13 8
18 13 17
18 15 9
18 15 17
18 18 0
18 18 12
18 18 14
18 19 13
18 19 15
19 4 19
19 5 0
19 6 1
19 6 19
19 7 0
19 7 2
19 8 1
19 8 8
19 8 19
19 9 7
19 9 9
19 10 1
19 10 3
19 10 6
19 10 7
19 10 10
19 11 9
19 13 9
19 14 8
19 17 0
19 19 14
0.002655
0 4 0
0 4 2
0 5 1
0 6 2
0 7 8
0 7 19
0 8 0
0 8 2
0 8 7
0 8 9
0 9 1
0 9 6
0 9 10
0 9 19
0 10 0
0 10 2
0 10 9
0 10 11
0 11 8
0 11 10
0 13 6
0 14 7
0 14 9
0 18 14
0 18 16
1 6 8
1 7 7
1 7 9
1 8 6
1 8 10
1 9 11
1 10 12
1 11 9
1 11 13
1 12 12
1 13 9
1 13 11
1 13 13
1 14 6
1 14 8
1 14 12
1 15 9
1 15 13
1 16 10
1 16 12
1 17 11
1 19 14
1 19 16
2 1 7
2 6 7
2 6 9
2 6 14
2 6 16
2 7 10
2 9 6
2 10 9
2 10 13
2 11 8
2 12 4
2 13 6
2 13 10
2 13 12
2 14 7
2 14 9
2 15 8
2 16 9
2 16 18
2 17 7
2 17 10
2 17 12
2 19 19
3 0 14
3 1 6
3 6 8
3 6 10
3 7 7
3 9 11
3 10 6
3 10 8
3 10 14
3 11 11
3 11 13
3 12 6
3 12 8
3 12 14
3 13 4
3 13 7
3 13 9
3 13 11
3 14 8
3 15 13
3 16 19
3 17 6
3 17 9
3 19 18
4 6 9
4 6 14
4 6 16
4 7 8
4 7 10
4 9 10
4 10 9
4 11 6
4 11 8
4 11 10
4 11 12
4 11 14
4 12 7
4 12 11
4 13 10
4 13 12
4 13 14
4 14 9
4 14 13
4 15 12
4 16 9
4 16 17
4 17 0
4 17 10
4 17 12
4 18 7
4 19 0
4 19 8
4 19 14
4 19 18
5 1 5
5 3 5
5 7 9
5 8 10
5 9 9
5 9 11
5 10 8
5 10 14
5 11 9
5 12 5
5 12 8
5 12 14
5 13 9
5 13 13
5 14 8
5 14 12
5 15 9
5 15 11
5 16 0
5 19 17
6 0 5
6 4 17
6 8 7
6 8 9
6 9 10
6 10 13
6 11 14
6 12 7
6 12 13
6 13 5
6 13 12
6 14 9
6 15 8
6 15 10
6 16 9
6 16 13
6 19 0
7 1 5
7 3 5
7 4 16
7 8 8
7 9 0
7 9 7
7 9 9
7 10 12
7 11 7
7 11 13
7 12 0
7 12 10
7 12 12
7 14 3
7 15 9
7 15 11
7 16 0
7 16 10
7 16 15
7 16 18
7 17 9
7 17 13
7 17 17
7 18 0
7 19 17
7 19 19
8 0 12
8 3 15
8 4 14
8 4 16
8 5 13
8 6 12
8 7 2
8 7 13
8 7 15
8 8 15
8 9 1
8 9 8
8 10 7
8 10 9
8 10 11
8 11 0
8 11 8
8 11 10
8 12 6
8 12 9
8 13 0
8 13 7
8 14 2
8 14 6
8 14 8
8 15 7
8 15 10
8 15 15
8 16 7
8 16 9
8 16 11
8 17 8
8 17 10
9 0 13
9 0 18
9 1 17
9 3 14
9 3 16
9 4 13
9 5 12
9 5 16
9 7 12
9 7 15
9 8 2
9 9 0
9 9 15
9 11 6
9 12 7
9 13 8
9 14 3
9 14 9
9 15 6
9 15 8
9 16 7
10 3 15
10 4 12
10 4 14
10 5 4
10 6 12
10 6 16
10 7 15
10 10 5
10 11 7
10 13 7
10 13 9
10 13 14
10 13 16
10 14 10
10 15 6
10 15 9
10 15 14
10 15 18
10 16 6
10 16 8
10 16 15
10 16 17
10 17 7
10 18 7
11 3 12
11 3 16
11 4 15
11 6 4
11 6 13
11 7 12
11 7 14
11 7 15
11 7 16
11 9 15
11 10 6
11 11 6
11 11 8
11 11 10
11 12 7
11 13 8
11 13 10
11 13 17
11 14 7
11 14 18
11 15 5
11 15 9
11 15 10
11 16 14
11 16 16
11 16 18
11 17 6
11 17 8
11 17 10
11 18 8
12 0 1
12 0 5
12 0 12
12 0 16
12 1 15
12 1 17
12 2 7
12 2 14
12 3 13
12 3 17
12 4 7
12 4 14
12 4 16
12 5 13
12 5 15
12 5 17
12 6 12
12 6 14
12 7 13
12 8 0
12 11 7
12 12 6
12 12 8
12 13 4
12 13 7
12 13 9
12 13 18
12 14 3
12 14 8
12 14 9
12 14 10
12 15 7
12 15 9
12 16 8
12 16 17
12 17 7
12 17 9
12 17 15
12 18 1
12 18 3
12 18 5
12 18 12
12 18 16
12 19 2
12 19 4
12 19 13
12 19 15
12 19 17
13 0 2
13 0 4
13 0 17
13 2 8
13 2 17
13 3 12
13 3 13
13 3 14
13 4 3
13 4 8
13 4 13
13 4 14
13 4 17
13 5 12
13 5 14
13 6 13
13 6 17
13 7 0
13 7 12
13 7 16
13 7 19
13 8 0
13 10 17
13 10 19
13 11 8
13 11 10
13 12 7
13 13 8
13 13 10
13 15 8
13 15 10
13 16 7
13 16 9
13 16 14
13 16 15
13 16 16
13 16 17
13 16 18
13 17 6
13 17 10
13 17 14
13 17 16
13 18 13
13 18 15
13 18 17
13 19 3
13 19 14
13 19 16
14 0 1
14 0 3
14 0 5
14 0 6
14 0 12
14 1 15
14 1 17
14 2 12
14 3 17
14 4 4
14 4 12
14 4 14
14 4 16
14 5 15
14 5 17
14 10 18
14 11 7
14 11 9
14 12 6
14 12 8
14 12 10
14 13 9
14 13 14
14 13 18
14 14 10
14 15 9
14 15 14
14 15 18
14 16 6
14 16 8
14 16 14
14 16 15
14 16 16
14 16 17
14 17 7
14 17 9
14 17 17
14 18 1
14 18 5
14 18 6
14 18 12
14 18 14
14 18 16
14 18 17
14 19 5
14 19 17
14 19 18
15 0 13
15 0 17
15 1 16
15 2 15
15 2 17
15 4 13
15 4 17
15 5 12
15 5 14
15 5 16
15 6 14
15 6 16
15 8 14
15 8 16
15 15 6
15 16 15
15 17 14
15 17 16
15 18 15
15 18 17
15 19 12
15 19 14
15 19 16
16 0 14
16 1 13
16 1 17
16 2 4
16 2 12
16 2 16
16 3 17
16 4 12
16 4 14
16 5 1
16 5 13
16 5 17
16 6 0
16 6 2
16 6 15
16 7 3
16 7 14
16 7 16
16 7 19
16 8 2
16 8 15
16 9 1
16 9 3
16 9 19
16 10 0
16 10 2
16 13 17
16 15 5
16 15 12
16 15 17
16 16 13
16 17 15
16 18 12
16 18 14
16 18 16
16 19 15
16 19 17
17 0 17
17 1 4
17 1 12
17 1 14
17 2 0
17 2 13
17 2 15
17 2 17
17 2 18
17 3 12
17 3 14
17 3 15
17 3 19
17 4 1
17 4 17
17 4 19
17 5 2
17 5 16
17 6 3
17 10 1
17 10 3
17 10 8
17 10 19
17 11 9
17 12 8
17 13 7
17 15 6
17 15 10
17 15 13
17 16 12
17 18 13
17 18 15
17 19 12
17 19 16
18 0 12
18 0 16
18 2 12
18 3 13
18 3 14
18 3 17
18 4 2
18 4 14
18 4 18
18 6 0
18 7 1
18 7 3
18 7 19
18 8 0
18 9 1
18 9 3
18 9 8
18 10 2
18 10 6
18 10 7
18 10 9
18 12 9
18 13 8
18 13 17
18 15 9
18 15 17
18 18 0
18 18 12
18 18 14
18 19 13
18 19 15
19 4 19
19 5 0
19 6 1
19 6 19
19 7 0
19 7 2
19 8 1
19 8 8
19 8 19
19 9 7
19 9 9
19 10 1
19 10 3
19 10 6
19 10 7
19 10 10
19 11 9
19 13 9
19 14 8
19 17 0
19 19 14
0.002471
